{"level":"info","message":"app listening on port 3000.","timestamp":"2015-10-13T17:46:09.086Z"}
{"level":"debug","message":"in app.getStats()","timestamp":"2015-10-13T18:00:08.413Z"}
{"level":"debug","message":"in app.getStats()","timestamp":"2015-10-13T18:15:19.119Z"}
{"level":"debug","message":"in app.getStats()","timestamp":"2015-10-13T18:15:23.099Z"}
{"level":"info","message":"app listening on port 3000.","timestamp":"2015-10-13T18:15:54.969Z"}
{"level":"debug","message":"in app.getStats()","timestamp":"2015-10-13T18:15:56.644Z"}
{"level":"info","message":"app listening on port 3000.","timestamp":"2015-10-13T18:17:20.582Z"}
{"level":"debug","message":"in app.getStats()","timestamp":"2015-10-13T18:17:21.979Z"}
{"level":"info","message":"app listening on port 3000.","timestamp":"2015-10-13T18:18:01.185Z"}
{"level":"debug","message":"in app.getStats()","timestamp":"2015-10-13T18:18:03.683Z"}
{"level":"debug","message":"in app.getStats()","timestamp":"2015-10-13T18:21:23.969Z"}
{"level":"debug","message":"in app.getStats()","timestamp":"2015-10-13T18:23:23.971Z"}
{"level":"info","message":"app listening on port 3000.","timestamp":"2015-10-13T18:23:57.216Z"}
{"level":"info","message":"app listening on port 3000.","timestamp":"2015-10-13T18:23:58.519Z"}
{"level":"debug","message":"in app.getStats()","timestamp":"2015-10-13T18:24:05.308Z"}
{"level":"info","message":"app listening on port 3000.","timestamp":"2015-10-13T18:24:13.047Z"}
{"level":"debug","message":"in app.getStats()","timestamp":"2015-10-13T18:24:14.692Z"}
{"level":"debug","message":"in app.getStats()","timestamp":"2015-10-13T18:26:14.694Z"}
{"level":"debug","message":"in app.getStats()","timestamp":"2015-10-13T18:26:26.048Z"}
{"level":"debug","message":"in app.getStats()","timestamp":"2015-10-13T18:27:44.474Z"}
{"level":"debug","message":"in app.getStats()","timestamp":"2015-10-13T18:30:55.344Z"}
{"level":"info","message":"app listening on port 3000.","timestamp":"2015-10-13T18:32:26.019Z"}
{"level":"debug","message":"in app.getStats()","timestamp":"2015-10-13T18:32:28.427Z"}
{"level":"info","message":"app listening on port 3000.","timestamp":"2015-10-13T18:34:32.583Z"}
{"level":"debug","message":"in app.getStats()","timestamp":"2015-10-13T18:34:40.868Z"}
{"level":"info","message":"app listening on port 3000.","timestamp":"2015-10-13T18:35:22.836Z"}
{"level":"debug","message":"in app.getStats()","timestamp":"2015-10-13T18:35:25.286Z"}
{"level":"info","message":"app listening on port 3000.","timestamp":"2015-10-13T18:35:51.335Z"}
{"level":"debug","message":"in app.getStats()","timestamp":"2015-10-13T18:35:53.837Z"}
{"level":"info","message":"app listening on port 3000.","timestamp":"2015-10-13T18:36:33.065Z"}
{"level":"debug","message":"in app.getStats()","timestamp":"2015-10-13T18:36:35.279Z"}
{"level":"info","message":"app listening on port 3000.","timestamp":"2015-10-13T18:36:48.095Z"}
{"level":"debug","message":"in app.getStats()","timestamp":"2015-10-13T18:36:49.478Z"}
{"level":"debug","message":"in app.getStats()","timestamp":"2015-10-13T18:41:03.574Z"}
{"level":"info","message":"app listening on port 3000.","timestamp":"2015-10-13T18:41:15.196Z"}
{"level":"debug","message":"in app.getStats()","timestamp":"2015-10-13T18:41:17.847Z"}
{"level":"debug","message":"in app.getStats()","timestamp":"2015-10-13T18:42:38.689Z"}
{"level":"debug","message":"in app.getStats()","timestamp":"2015-10-13T18:42:39.698Z"}
{"level":"debug","message":"in app.getStats()","timestamp":"2015-10-13T18:44:00.681Z"}
{"level":"info","message":"app listening on port 3000.","timestamp":"2015-10-13T18:44:33.967Z"}
{"level":"debug","message":"in app.getStats()","timestamp":"2015-10-13T18:44:36.735Z"}
{"level":"debug","message":"in app.getStats()","timestamp":"2015-10-13T18:44:38.277Z"}
{"level":"debug","message":"in app.getStats()","timestamp":"2015-10-13T18:46:09.530Z"}
{"level":"debug","message":"in app.getZones()","timestamp":"2015-10-13T19:30:35.405Z"}
{"level":"debug","message":"in app.getZones()","timestamp":"2015-10-13T19:33:37.278Z"}
{"level":"debug","message":"in app.getZones()","timestamp":"2015-10-13T19:34:43.332Z"}
{"level":"debug","message":"in app.getZones()","timestamp":"2015-10-13T19:35:11.158Z"}
{"level":"debug","message":"in app.getStats()","timestamp":"2015-10-13T19:35:16.738Z"}
{"level":"debug","message":"in app.getStats()","timestamp":"2015-10-13T19:35:23.758Z"}
{"level":"debug","message":"in app.getStats()","timestamp":"2015-10-13T19:35:41.099Z"}
{"level":"debug","message":"in app.getZones()","timestamp":"2015-10-13T19:36:26.744Z"}
{"level":"info","message":"app listening on port 3000.","timestamp":"2015-10-13T19:36:35.053Z"}
{"level":"debug","message":"in app.getZones()","timestamp":"2015-10-13T19:36:36.309Z"}
{"date":"Tue Oct 13 2015 15:36:36 GMT-0400 (AST)","process":{"pid":32564,"uid":501,"gid":20,"cwd":"/Users/omar91/Development/CAPSTONE/RuntimeServer/modules/RequestServer","execPath":"/usr/local/bin/node","version":"v0.12.7","argv":["node","/Users/omar91/Development/CAPSTONE/RuntimeServer/modules/RequestServer/app.js"],"memoryUsage":{"rss":52764672,"heapTotal":35713792,"heapUsed":21459968}},"os":{"loadavg":[1.84814453125,1.5224609375,1.46923828125],"uptime":372068},"trace":[{"column":23,"file":"/Users/omar91/Development/CAPSTONE/Dashboard/dashboardRequestHandler.js","function":null,"line":106,"method":null,"native":false},{"column":11,"file":"/Users/omar91/Development/CAPSTONE/Dashboard/node_modules/mongodb/lib/mongo_client.js","function":null,"line":453,"method":null,"native":false},{"column":11,"file":"node.js","function":"process._tickCallback","line":355,"method":"_tickCallback","native":false}],"stack":["TypeError: undefined is not a function","    at /Users/omar91/Development/CAPSTONE/Dashboard/dashboardRequestHandler.js:106:23","    at /Users/omar91/Development/CAPSTONE/Dashboard/node_modules/mongodb/lib/mongo_client.js:453:11","    at process._tickCallback (node.js:355:11)"],"level":"error","message":"uncaughtException: undefined is not a function","timestamp":"2015-10-13T19:36:36.341Z"}
{"level":"info","message":"app listening on port 3000.","timestamp":"2015-10-13T19:36:57.957Z"}
{"level":"debug","message":"in app.getStats()","timestamp":"2015-10-13T19:37:05.224Z"}
{"level":"debug","message":"in app.getZones()","timestamp":"2015-10-13T19:37:39.650Z"}
{"date":"Tue Oct 13 2015 15:37:39 GMT-0400 (AST)","process":{"pid":32579,"uid":501,"gid":20,"cwd":"/Users/omar91/Development/CAPSTONE/RuntimeServer/modules/RequestServer","execPath":"/usr/local/bin/node","version":"v0.12.7","argv":["node","/Users/omar91/Development/CAPSTONE/RuntimeServer/modules/RequestServer/app.js"],"memoryUsage":{"rss":53829632,"heapTotal":35713792,"heapUsed":22840936}},"os":{"loadavg":[1.7587890625,1.578125,1.49365234375],"uptime":372131},"trace":[{"column":23,"file":"/Users/omar91/Development/CAPSTONE/Dashboard/dashboardRequestHandler.js","function":null,"line":106,"method":null,"native":false},{"column":11,"file":"/Users/omar91/Development/CAPSTONE/Dashboard/node_modules/mongodb/lib/mongo_client.js","function":null,"line":453,"method":null,"native":false},{"column":11,"file":"node.js","function":"process._tickCallback","line":355,"method":"_tickCallback","native":false}],"stack":["TypeError: undefined is not a function","    at /Users/omar91/Development/CAPSTONE/Dashboard/dashboardRequestHandler.js:106:23","    at /Users/omar91/Development/CAPSTONE/Dashboard/node_modules/mongodb/lib/mongo_client.js:453:11","    at process._tickCallback (node.js:355:11)"],"level":"error","message":"uncaughtException: undefined is not a function","timestamp":"2015-10-13T19:37:39.666Z"}
{"level":"info","message":"app listening on port 3000.","timestamp":"2015-10-13T19:38:36.687Z"}
{"level":"debug","message":"in app.getZones()","timestamp":"2015-10-13T19:38:38.746Z"}
{"level":"debug","message":"in app.getStats()","timestamp":"2015-10-13T19:38:42.721Z"}
{"level":"debug","message":"in app.getStats()","timestamp":"2015-10-13T19:38:43.541Z"}
{"level":"info","message":"app listening on port 3000.","timestamp":"2015-10-13T19:40:08.203Z"}
{"level":"debug","message":"in app.getZones()","timestamp":"2015-10-13T19:40:10.066Z"}
{"level":"debug","message":"in app.getStats()","timestamp":"2015-10-13T19:40:18.594Z"}
{"level":"info","message":"app listening on port 3000.","timestamp":"2015-10-13T19:41:29.603Z"}
{"level":"debug","message":"in app.getStats()","timestamp":"2015-10-13T19:41:31.082Z"}
{"level":"debug","message":"in app.getZones()","timestamp":"2015-10-13T19:41:33.480Z"}
{"level":"info","message":"app listening on port 3000.","timestamp":"2015-10-13T19:42:45.102Z"}
{"level":"debug","message":"in app.getZones()","timestamp":"2015-10-13T19:42:48.981Z"}
{"level":"info","message":"app listening on port 3000.","timestamp":"2015-10-13T19:43:35.506Z"}
{"level":"debug","message":"in app.getZones()","timestamp":"2015-10-13T19:43:37.089Z"}
{"level":"info","message":"app listening on port 3000.","timestamp":"2015-10-13T19:44:00.985Z"}
{"level":"debug","message":"in app.getZones()","timestamp":"2015-10-13T19:44:03.511Z"}
{"level":"info","message":"app listening on port 3000.","timestamp":"2015-10-13T19:48:06.498Z"}
{"level":"debug","message":"in app.getZones()","timestamp":"2015-10-13T19:48:12.403Z"}
{"date":"Tue Oct 13 2015 15:48:12 GMT-0400 (AST)","process":{"pid":33028,"uid":501,"gid":20,"cwd":"/Users/omar91/Development/CAPSTONE/RuntimeServer/modules/RequestServer","execPath":"/usr/local/bin/node","version":"v0.12.7","argv":["node","/Users/omar91/Development/CAPSTONE/RuntimeServer/modules/RequestServer/app.js"],"memoryUsage":{"rss":52822016,"heapTotal":35713792,"heapUsed":21455816}},"os":{"loadavg":[1.62841796875,1.55712890625,1.50634765625],"uptime":372764},"trace":[{"column":23,"file":"/Users/omar91/Development/CAPSTONE/Dashboard/dashboardRequestHandler.js","function":null,"line":106,"method":null,"native":false},{"column":11,"file":"/Users/omar91/Development/CAPSTONE/Dashboard/node_modules/mongodb/lib/mongo_client.js","function":null,"line":453,"method":null,"native":false},{"column":11,"file":"node.js","function":"process._tickCallback","line":355,"method":"_tickCallback","native":false}],"stack":["TypeError: undefined is not a function","    at /Users/omar91/Development/CAPSTONE/Dashboard/dashboardRequestHandler.js:106:23","    at /Users/omar91/Development/CAPSTONE/Dashboard/node_modules/mongodb/lib/mongo_client.js:453:11","    at process._tickCallback (node.js:355:11)"],"level":"error","message":"uncaughtException: undefined is not a function","timestamp":"2015-10-13T19:48:12.436Z"}
{"level":"info","message":"app listening on port 3000.","timestamp":"2015-10-13T19:48:45.555Z"}
{"level":"debug","message":"in app.getZones()","timestamp":"2015-10-13T19:48:48.097Z"}
{"date":"Tue Oct 13 2015 15:48:48 GMT-0400 (AST)","process":{"pid":33061,"uid":501,"gid":20,"cwd":"/Users/omar91/Development/CAPSTONE/RuntimeServer/modules/RequestServer","execPath":"/usr/local/bin/node","version":"v0.12.7","argv":["node","/Users/omar91/Development/CAPSTONE/RuntimeServer/modules/RequestServer/app.js"],"memoryUsage":{"rss":53035008,"heapTotal":35713792,"heapUsed":21500560}},"os":{"loadavg":[1.4912109375,1.52685546875,1.49658203125],"uptime":372800},"trace":[{"column":23,"file":"/Users/omar91/Development/CAPSTONE/Dashboard/dashboardRequestHandler.js","function":null,"line":106,"method":null,"native":false},{"column":11,"file":"/Users/omar91/Development/CAPSTONE/Dashboard/node_modules/mongodb/lib/mongo_client.js","function":null,"line":453,"method":null,"native":false},{"column":11,"file":"node.js","function":"process._tickCallback","line":355,"method":"_tickCallback","native":false}],"stack":["TypeError: undefined is not a function","    at /Users/omar91/Development/CAPSTONE/Dashboard/dashboardRequestHandler.js:106:23","    at /Users/omar91/Development/CAPSTONE/Dashboard/node_modules/mongodb/lib/mongo_client.js:453:11","    at process._tickCallback (node.js:355:11)"],"level":"error","message":"uncaughtException: undefined is not a function","timestamp":"2015-10-13T19:48:48.130Z"}
{"level":"info","message":"app listening on port 3000.","timestamp":"2015-10-13T19:49:03.050Z"}
{"level":"debug","message":"in app.getZones()","timestamp":"2015-10-13T19:49:04.329Z"}
{"date":"Tue Oct 13 2015 15:49:04 GMT-0400 (AST)","process":{"pid":33073,"uid":501,"gid":20,"cwd":"/Users/omar91/Development/CAPSTONE/RuntimeServer/modules/RequestServer","execPath":"/usr/local/bin/node","version":"v0.12.7","argv":["node","/Users/omar91/Development/CAPSTONE/RuntimeServer/modules/RequestServer/app.js"],"memoryUsage":{"rss":53075968,"heapTotal":35713792,"heapUsed":21457760}},"os":{"loadavg":[1.455078125,1.51708984375,1.49365234375],"uptime":372816},"trace":[{"column":117,"file":"/Users/omar91/Development/CAPSTONE/Dashboard/dashboardRequestHandler.js","function":null,"line":106,"method":null,"native":false},{"column":11,"file":"/Users/omar91/Development/CAPSTONE/Dashboard/node_modules/mongodb/lib/mongo_client.js","function":null,"line":453,"method":null,"native":false},{"column":11,"file":"node.js","function":"process._tickCallback","line":355,"method":"_tickCallback","native":false}],"stack":["TypeError: undefined is not a function","    at /Users/omar91/Development/CAPSTONE/Dashboard/dashboardRequestHandler.js:106:117","    at /Users/omar91/Development/CAPSTONE/Dashboard/node_modules/mongodb/lib/mongo_client.js:453:11","    at process._tickCallback (node.js:355:11)"],"level":"error","message":"uncaughtException: undefined is not a function","timestamp":"2015-10-13T19:49:04.363Z"}
{"level":"info","message":"app listening on port 3000.","timestamp":"2015-10-13T19:49:13.999Z"}
{"level":"debug","message":"in app.getZones()","timestamp":"2015-10-13T19:49:15.940Z"}
{"level":"debug","message":"in app.getZones()","timestamp":"2015-10-13T20:01:31.600Z"}
{"level":"debug","message":"in app.getZones()","timestamp":"2015-10-13T20:06:55.399Z"}
{"level":"debug","message":"in app.getZones()","timestamp":"2015-10-13T20:07:04.223Z"}
{"level":"info","message":"app listening on port 3000.","timestamp":"2015-10-13T20:07:21.820Z"}
{"level":"debug","message":"in app.getZones()","timestamp":"2015-10-13T20:07:23.215Z"}
{"level":"info","message":"app listening on port 3000.","timestamp":"2015-10-13T20:08:09.485Z"}
{"level":"debug","message":"in app.getZones()","timestamp":"2015-10-13T20:08:11.151Z"}
{"date":"Tue Oct 13 2015 16:08:11 GMT-0400 (AST)","process":{"pid":33888,"uid":501,"gid":20,"cwd":"/Users/omar91/Development/CAPSTONE/RuntimeServer/modules/RequestServer","execPath":"/usr/local/bin/node","version":"v0.12.7","argv":["node","/Users/omar91/Development/CAPSTONE/RuntimeServer/modules/RequestServer/app.js"],"memoryUsage":{"rss":52731904,"heapTotal":35713792,"heapUsed":21431624}},"os":{"loadavg":[1.51806640625,1.58056640625,1.49951171875],"uptime":373963},"trace":[{"column":90,"file":"/Users/omar91/Development/CAPSTONE/Dashboard/dashboardRequestHandler.js","function":null,"line":106,"method":null,"native":false},{"column":11,"file":"/Users/omar91/Development/CAPSTONE/Dashboard/node_modules/mongodb/lib/mongo_client.js","function":null,"line":453,"method":null,"native":false},{"column":11,"file":"node.js","function":"process._tickCallback","line":355,"method":"_tickCallback","native":false}],"stack":["ReferenceError: $nwPoint is not defined","    at /Users/omar91/Development/CAPSTONE/Dashboard/dashboardRequestHandler.js:106:90","    at /Users/omar91/Development/CAPSTONE/Dashboard/node_modules/mongodb/lib/mongo_client.js:453:11","    at process._tickCallback (node.js:355:11)"],"level":"error","message":"uncaughtException: $nwPoint is not defined","timestamp":"2015-10-13T20:08:11.184Z"}
{"date":"Tue Oct 13 2015 16:10:11 GMT-0400 (AST)","process":{"pid":34009,"uid":501,"gid":20,"cwd":"/Users/omar91/Development/CAPSTONE/RuntimeServer/modules/RequestServer","execPath":"/usr/local/bin/node","version":"v0.12.7","argv":["node","/Users/omar91/Development/CAPSTONE/RuntimeServer/modules/RequestServer/app.js"],"memoryUsage":{"rss":24604672,"heapTotal":11803648,"heapUsed":5753112}},"os":{"loadavg":[1.65771484375,1.6025390625,1.513671875],"uptime":374083},"trace":[{"column":16,"file":"vm.js","function":"exports.runInThisContext","line":73,"method":"runInThisContext","native":false},{"column":25,"file":"module.js","function":"Module._compile","line":443,"method":"_compile","native":false},{"column":10,"file":"module.js","function":"Object.Module._extensions..js","line":478,"method":"Module._extensions..js","native":false},{"column":32,"file":"module.js","function":"Module.load","line":355,"method":"load","native":false},{"column":12,"file":"module.js","function":"Function.Module._load","line":310,"method":"Module._load","native":false},{"column":17,"file":"module.js","function":"Module.require","line":365,"method":"require","native":false},{"column":17,"file":"module.js","function":"require","line":384,"method":null,"native":false},{"column":32,"file":"/Users/omar91/Development/CAPSTONE/RuntimeServer/modules/RequestServer/requestHandlers.js","function":"new RequestHandlers","line":10,"method":null,"native":false},{"column":16,"file":"/Users/omar91/Development/CAPSTONE/RuntimeServer/modules/RequestServer/app.js","function":"","line":8,"method":null,"native":false},{"column":26,"file":"module.js","function":"Module._compile","line":460,"method":"_compile","native":false}],"stack":["/Users/omar91/Development/CAPSTONE/Dashboard/dashboardRequestHandler.js:106",":{$geoIntersects: {$geometry:{ \"type\" : \"Point\",\"coordinates\" : $set: { nwPoin","                                                                    ^","SyntaxError: Unexpected token :","    at exports.runInThisContext (vm.js:73:16)","    at Module._compile (module.js:443:25)","    at Object.Module._extensions..js (module.js:478:10)","    at Module.load (module.js:355:32)","    at Function.Module._load (module.js:310:12)","    at Module.require (module.js:365:17)","    at require (module.js:384:17)","    at new RequestHandlers (/Users/omar91/Development/CAPSTONE/RuntimeServer/modules/RequestServer/requestHandlers.js:10:32)","    at Object.<anonymous> (/Users/omar91/Development/CAPSTONE/RuntimeServer/modules/RequestServer/app.js:8:16)","    at Module._compile (module.js:460:26)"],"level":"error","message":"uncaughtException: /Users/omar91/Development/CAPSTONE/Dashboard/dashboardRequestHandler.js:106\n:{$geoIntersects: {$geometry:{ \"type\" : \"Point\",\"coordinates\" : $set: { nwPoin\n                                                                    ^\nUnexpected token :","timestamp":"2015-10-13T20:10:11.226Z"}
{"date":"Tue Oct 13 2015 16:11:42 GMT-0400 (AST)","process":{"pid":34082,"uid":501,"gid":20,"cwd":"/Users/omar91/Development/CAPSTONE/RuntimeServer/modules/RequestServer","execPath":"/usr/local/bin/node","version":"v0.12.7","argv":["node","/Users/omar91/Development/CAPSTONE/RuntimeServer/modules/RequestServer/app.js"],"memoryUsage":{"rss":24489984,"heapTotal":11803648,"heapUsed":5794256}},"os":{"loadavg":[1.8056640625,1.64794921875,1.5341796875],"uptime":374174},"trace":[{"column":16,"file":"vm.js","function":"exports.runInThisContext","line":73,"method":"runInThisContext","native":false},{"column":25,"file":"module.js","function":"Module._compile","line":443,"method":"_compile","native":false},{"column":10,"file":"module.js","function":"Object.Module._extensions..js","line":478,"method":"Module._extensions..js","native":false},{"column":32,"file":"module.js","function":"Module.load","line":355,"method":"load","native":false},{"column":12,"file":"module.js","function":"Function.Module._load","line":310,"method":"Module._load","native":false},{"column":17,"file":"module.js","function":"Module.require","line":365,"method":"require","native":false},{"column":17,"file":"module.js","function":"require","line":384,"method":null,"native":false},{"column":32,"file":"/Users/omar91/Development/CAPSTONE/RuntimeServer/modules/RequestServer/requestHandlers.js","function":"new RequestHandlers","line":10,"method":null,"native":false},{"column":16,"file":"/Users/omar91/Development/CAPSTONE/RuntimeServer/modules/RequestServer/app.js","function":"","line":8,"method":null,"native":false},{"column":26,"file":"module.js","function":"Module._compile","line":460,"method":"_compile","native":false}],"stack":["/Users/omar91/Development/CAPSTONE/Dashboard/dashboardRequestHandler.js:106","c:{$geoIntersects: {$geometry:{ \"type\" : \"Point\",\"coordinates\" : [ ${nwPoint},","                                                                    ^","SyntaxError: Unexpected token {","    at exports.runInThisContext (vm.js:73:16)","    at Module._compile (module.js:443:25)","    at Object.Module._extensions..js (module.js:478:10)","    at Module.load (module.js:355:32)","    at Function.Module._load (module.js:310:12)","    at Module.require (module.js:365:17)","    at require (module.js:384:17)","    at new RequestHandlers (/Users/omar91/Development/CAPSTONE/RuntimeServer/modules/RequestServer/requestHandlers.js:10:32)","    at Object.<anonymous> (/Users/omar91/Development/CAPSTONE/RuntimeServer/modules/RequestServer/app.js:8:16)","    at Module._compile (module.js:460:26)"],"level":"error","message":"uncaughtException: /Users/omar91/Development/CAPSTONE/Dashboard/dashboardRequestHandler.js:106\nc:{$geoIntersects: {$geometry:{ \"type\" : \"Point\",\"coordinates\" : [ ${nwPoint},\n                                                                    ^\nUnexpected token {","timestamp":"2015-10-13T20:11:42.203Z"}
{"date":"Tue Oct 13 2015 16:16:15 GMT-0400 (AST)","process":{"pid":34284,"uid":501,"gid":20,"cwd":"/Users/omar91/Development/CAPSTONE/RuntimeServer/modules/RequestServer","execPath":"/usr/local/bin/node","version":"v0.12.7","argv":["node","/Users/omar91/Development/CAPSTONE/RuntimeServer/modules/RequestServer/app.js"],"memoryUsage":{"rss":24182784,"heapTotal":11803648,"heapUsed":5782552}},"os":{"loadavg":[1.70703125,1.61865234375,1.54052734375],"uptime":374447},"trace":[{"column":16,"file":"vm.js","function":"exports.runInThisContext","line":73,"method":"runInThisContext","native":false},{"column":25,"file":"module.js","function":"Module._compile","line":443,"method":"_compile","native":false},{"column":10,"file":"module.js","function":"Object.Module._extensions..js","line":478,"method":"Module._extensions..js","native":false},{"column":32,"file":"module.js","function":"Module.load","line":355,"method":"load","native":false},{"column":12,"file":"module.js","function":"Function.Module._load","line":310,"method":"Module._load","native":false},{"column":17,"file":"module.js","function":"Module.require","line":365,"method":"require","native":false},{"column":17,"file":"module.js","function":"require","line":384,"method":null,"native":false},{"column":32,"file":"/Users/omar91/Development/CAPSTONE/RuntimeServer/modules/RequestServer/requestHandlers.js","function":"new RequestHandlers","line":10,"method":null,"native":false},{"column":16,"file":"/Users/omar91/Development/CAPSTONE/RuntimeServer/modules/RequestServer/app.js","function":"","line":8,"method":null,"native":false},{"column":26,"file":"module.js","function":"Module._compile","line":460,"method":"_compile","native":false}],"stack":["/Users/omar91/Development/CAPSTONE/Dashboard/dashboardRequestHandler.js:106","oc:{$geoIntersects: {$geometry:{ \"type\" : \"Point\", $set: coordinates: [nwPoint","                                                                    ^","SyntaxError: Unexpected token :","    at exports.runInThisContext (vm.js:73:16)","    at Module._compile (module.js:443:25)","    at Object.Module._extensions..js (module.js:478:10)","    at Module.load (module.js:355:32)","    at Function.Module._load (module.js:310:12)","    at Module.require (module.js:365:17)","    at require (module.js:384:17)","    at new RequestHandlers (/Users/omar91/Development/CAPSTONE/RuntimeServer/modules/RequestServer/requestHandlers.js:10:32)","    at Object.<anonymous> (/Users/omar91/Development/CAPSTONE/RuntimeServer/modules/RequestServer/app.js:8:16)","    at Module._compile (module.js:460:26)"],"level":"error","message":"uncaughtException: /Users/omar91/Development/CAPSTONE/Dashboard/dashboardRequestHandler.js:106\noc:{$geoIntersects: {$geometry:{ \"type\" : \"Point\", $set: coordinates: [nwPoint\n                                                                    ^\nUnexpected token :","timestamp":"2015-10-13T20:16:15.308Z"}
{"date":"Tue Oct 13 2015 16:16:25 GMT-0400 (AST)","process":{"pid":34310,"uid":501,"gid":20,"cwd":"/Users/omar91/Development/CAPSTONE/RuntimeServer/modules/RequestServer","execPath":"/usr/local/bin/node","version":"v0.12.7","argv":["node","/Users/omar91/Development/CAPSTONE/RuntimeServer/modules/RequestServer/app.js"],"memoryUsage":{"rss":24641536,"heapTotal":11803648,"heapUsed":5779328}},"os":{"loadavg":[1.74560546875,1.63037109375,1.54541015625],"uptime":374457},"trace":[{"column":16,"file":"vm.js","function":"exports.runInThisContext","line":73,"method":"runInThisContext","native":false},{"column":25,"file":"module.js","function":"Module._compile","line":443,"method":"_compile","native":false},{"column":10,"file":"module.js","function":"Object.Module._extensions..js","line":478,"method":"Module._extensions..js","native":false},{"column":32,"file":"module.js","function":"Module.load","line":355,"method":"load","native":false},{"column":12,"file":"module.js","function":"Function.Module._load","line":310,"method":"Module._load","native":false},{"column":17,"file":"module.js","function":"Module.require","line":365,"method":"require","native":false},{"column":17,"file":"module.js","function":"require","line":384,"method":null,"native":false},{"column":32,"file":"/Users/omar91/Development/CAPSTONE/RuntimeServer/modules/RequestServer/requestHandlers.js","function":"new RequestHandlers","line":10,"method":null,"native":false},{"column":16,"file":"/Users/omar91/Development/CAPSTONE/RuntimeServer/modules/RequestServer/app.js","function":"","line":8,"method":null,"native":false},{"column":26,"file":"module.js","function":"Module._compile","line":460,"method":"_compile","native":false}],"stack":["/Users/omar91/Development/CAPSTONE/Dashboard/dashboardRequestHandler.js:106","ollection.find({loc:{$geoIntersects: {$geometry:{ \"type\" : \"Point\", {$set: coo","                                                                    ^","SyntaxError: Unexpected token {","    at exports.runInThisContext (vm.js:73:16)","    at Module._compile (module.js:443:25)","    at Object.Module._extensions..js (module.js:478:10)","    at Module.load (module.js:355:32)","    at Function.Module._load (module.js:310:12)","    at Module.require (module.js:365:17)","    at require (module.js:384:17)","    at new RequestHandlers (/Users/omar91/Development/CAPSTONE/RuntimeServer/modules/RequestServer/requestHandlers.js:10:32)","    at Object.<anonymous> (/Users/omar91/Development/CAPSTONE/RuntimeServer/modules/RequestServer/app.js:8:16)","    at Module._compile (module.js:460:26)"],"level":"error","message":"uncaughtException: /Users/omar91/Development/CAPSTONE/Dashboard/dashboardRequestHandler.js:106\nollection.find({loc:{$geoIntersects: {$geometry:{ \"type\" : \"Point\", {$set: coo\n                                                                    ^\nUnexpected token {","timestamp":"2015-10-13T20:16:25.663Z"}
{"level":"info","message":"app listening on port 3000.","timestamp":"2015-10-13T20:17:30.456Z"}
{"date":"Tue Oct 13 2015 16:17:47 GMT-0400 (AST)","process":{"pid":34379,"uid":501,"gid":20,"cwd":"/Users/omar91/Development/CAPSTONE/RuntimeServer/modules/RequestServer","execPath":"/usr/local/bin/node","version":"v0.12.7","argv":["node","/Users/omar91/Development/CAPSTONE/RuntimeServer/modules/RequestServer/app.js"],"memoryUsage":{"rss":24215552,"heapTotal":11803648,"heapUsed":5780224}},"os":{"loadavg":[1.69970703125,1.6328125,1.5517578125],"uptime":374539},"trace":[{"column":16,"file":"vm.js","function":"exports.runInThisContext","line":73,"method":"runInThisContext","native":false},{"column":25,"file":"module.js","function":"Module._compile","line":443,"method":"_compile","native":false},{"column":10,"file":"module.js","function":"Object.Module._extensions..js","line":478,"method":"Module._extensions..js","native":false},{"column":32,"file":"module.js","function":"Module.load","line":355,"method":"load","native":false},{"column":12,"file":"module.js","function":"Function.Module._load","line":310,"method":"Module._load","native":false},{"column":17,"file":"module.js","function":"Module.require","line":365,"method":"require","native":false},{"column":17,"file":"module.js","function":"require","line":384,"method":null,"native":false},{"column":32,"file":"/Users/omar91/Development/CAPSTONE/RuntimeServer/modules/RequestServer/requestHandlers.js","function":"new RequestHandlers","line":10,"method":null,"native":false},{"column":16,"file":"/Users/omar91/Development/CAPSTONE/RuntimeServer/modules/RequestServer/app.js","function":"","line":8,"method":null,"native":false},{"column":26,"file":"module.js","function":"Module._compile","line":460,"method":"_compile","native":false}],"stack":["/Users/omar91/Development/CAPSTONE/Dashboard/dashboardRequestHandler.js:108","nd({loc:{$geoIntersects: {$geometry:{ \"type\" : \"Point\", setModifier } }}}).toA","                                                                    ^","SyntaxError: Unexpected token }","    at exports.runInThisContext (vm.js:73:16)","    at Module._compile (module.js:443:25)","    at Object.Module._extensions..js (module.js:478:10)","    at Module.load (module.js:355:32)","    at Function.Module._load (module.js:310:12)","    at Module.require (module.js:365:17)","    at require (module.js:384:17)","    at new RequestHandlers (/Users/omar91/Development/CAPSTONE/RuntimeServer/modules/RequestServer/requestHandlers.js:10:32)","    at Object.<anonymous> (/Users/omar91/Development/CAPSTONE/RuntimeServer/modules/RequestServer/app.js:8:16)","    at Module._compile (module.js:460:26)"],"level":"error","message":"uncaughtException: /Users/omar91/Development/CAPSTONE/Dashboard/dashboardRequestHandler.js:108\nnd({loc:{$geoIntersects: {$geometry:{ \"type\" : \"Point\", setModifier } }}}).toA\n                                                                    ^\nUnexpected token }","timestamp":"2015-10-13T20:17:47.523Z"}
{"level":"info","message":"app listening on port 3000.","timestamp":"2015-10-13T20:20:13.025Z"}
{"level":"debug","message":"in app.getZones()","timestamp":"2015-10-13T20:20:19.676Z"}
{"date":"Tue Oct 13 2015 16:20:19 GMT-0400 (AST)","process":{"pid":34489,"uid":501,"gid":20,"cwd":"/Users/omar91/Development/CAPSTONE/RuntimeServer/modules/RequestServer","execPath":"/usr/local/bin/node","version":"v0.12.7","argv":["node","/Users/omar91/Development/CAPSTONE/RuntimeServer/modules/RequestServer/app.js"],"memoryUsage":{"rss":52580352,"heapTotal":35713792,"heapUsed":21960208}},"os":{"loadavg":[1.7685546875,1.66357421875,1.572265625],"uptime":374691},"trace":[{"column":11,"file":"/Users/omar91/Development/CAPSTONE/Dashboard/dashboardRequestHandler.js","function":null,"line":107,"method":null,"native":false},{"column":11,"file":"/Users/omar91/Development/CAPSTONE/Dashboard/node_modules/mongodb/lib/mongo_client.js","function":null,"line":453,"method":null,"native":false},{"column":11,"file":"node.js","function":"process._tickCallback","line":355,"method":"_tickCallback","native":false}],"stack":["ReferenceError: coordinates is not defined","    at /Users/omar91/Development/CAPSTONE/Dashboard/dashboardRequestHandler.js:107:11","    at /Users/omar91/Development/CAPSTONE/Dashboard/node_modules/mongodb/lib/mongo_client.js:453:11","    at process._tickCallback (node.js:355:11)"],"level":"error","message":"uncaughtException: coordinates is not defined","timestamp":"2015-10-13T20:20:19.705Z"}
{"level":"debug","message":"in app.getZones()","timestamp":"2015-10-13T20:20:21.385Z"}
{"date":"Tue Oct 13 2015 16:20:21 GMT-0400 (AST)","process":{"pid":34489,"uid":501,"gid":20,"cwd":"/Users/omar91/Development/CAPSTONE/RuntimeServer/modules/RequestServer","execPath":"/usr/local/bin/node","version":"v0.12.7","argv":["node","/Users/omar91/Development/CAPSTONE/RuntimeServer/modules/RequestServer/app.js"],"memoryUsage":{"rss":52920320,"heapTotal":35713792,"heapUsed":23037384}},"os":{"loadavg":[1.7685546875,1.66357421875,1.572265625],"uptime":374693},"trace":[{"column":11,"file":"/Users/omar91/Development/CAPSTONE/Dashboard/dashboardRequestHandler.js","function":null,"line":107,"method":null,"native":false},{"column":11,"file":"/Users/omar91/Development/CAPSTONE/Dashboard/node_modules/mongodb/lib/mongo_client.js","function":null,"line":453,"method":null,"native":false},{"column":11,"file":"node.js","function":"process._tickCallback","line":355,"method":"_tickCallback","native":false}],"stack":["ReferenceError: coordinates is not defined","    at /Users/omar91/Development/CAPSTONE/Dashboard/dashboardRequestHandler.js:107:11","    at /Users/omar91/Development/CAPSTONE/Dashboard/node_modules/mongodb/lib/mongo_client.js:453:11","    at process._tickCallback (node.js:355:11)"],"level":"error","message":"uncaughtException: coordinates is not defined","timestamp":"2015-10-13T20:20:21.401Z"}
{"level":"info","message":"app listening on port 3000.","timestamp":"2015-10-13T20:20:42.606Z"}
{"level":"debug","message":"in app.getZones()","timestamp":"2015-10-13T20:20:44.049Z"}
{"level":"info","message":"app listening on port 3000.","timestamp":"2015-10-13T20:21:09.655Z"}
{"level":"debug","message":"in app.getZones()","timestamp":"2015-10-13T20:21:11.596Z"}
{"level":"info","message":"app listening on port 3000.","timestamp":"2015-10-13T20:22:16.630Z"}
{"level":"debug","message":"in app.getZones()","timestamp":"2015-10-13T20:22:27.299Z"}
{"level":"debug","message":"in app.getZones()","timestamp":"2015-10-13T20:22:28.633Z"}
{"level":"info","message":"app listening on port 3000.","timestamp":"2015-10-13T20:23:17.977Z"}
{"level":"debug","message":"in app.getZones()","timestamp":"2015-10-13T20:23:19.851Z"}
{"level":"debug","message":"in app.getZones()","timestamp":"2015-10-13T20:25:19.859Z"}
{"level":"info","message":"app listening on port 3000.","timestamp":"2015-10-13T20:25:22.340Z"}
{"level":"debug","message":"in app.getZones()","timestamp":"2015-10-13T20:25:24.534Z"}
{"level":"debug","message":"in app.getZones()","timestamp":"2015-10-13T21:19:56.624Z"}
{"level":"debug","message":"in app.getStats()","timestamp":"2015-10-13T21:22:57.790Z"}
{"level":"debug","message":"in app.getStats()","timestamp":"2015-10-13T21:23:07.080Z"}
{"level":"debug","message":"in app.getZones()","timestamp":"2015-10-13T21:23:07.967Z"}
{"level":"debug","message":"in app.getZones()","timestamp":"2015-10-13T21:23:11.590Z"}
{"level":"debug","message":"in app.getZones()","timestamp":"2015-10-13T21:23:14.826Z"}
{"level":"debug","message":"in app.getZones()","timestamp":"2015-10-13T21:23:14.917Z"}
{"level":"debug","message":"in app.getZones()","timestamp":"2015-10-13T21:23:23.187Z"}
{"level":"debug","message":"in app.getZones()","timestamp":"2015-10-13T21:23:30.986Z"}
{"level":"debug","message":"in app.getZones()","timestamp":"2015-10-13T21:23:35.599Z"}
